<?xml version="1.0" encoding="UTF-8"?>
<testsuites name="Add Dokter" time="119.937" tests="3" failures="1" errors="0">
   <testsuite name="Add Dokter" tests="3" failures="1" errors="0" time="119.937" timestamp="2019-12-01 15:54:39" hostname="admin - localhost" id="Test Suites/Add Dokter">
      <properties>
         <property name="deviceName" value=""/>
         <property name="devicePlatform" value=""/>
         <property name="logFolder" value="/Users/admin/Katalon Studio/Medigo Katalon/Reports/20191201_155330/Add Dokter/20191201_155336"/>
         <property name="logFiles" value="/Users/admin/Katalon Studio/Medigo Katalon/Reports/20191201_155330/Add Dokter/20191201_155336/execution0.log"/>
         <property name="attachments" value=""/>
         <property name="hostName" value="admin - localhost"/>
         <property name="os" value="Mac OS X 64bit"/>
         <property name="katalonVersion" value="7.0.5.1"/>
         <property name="browser" value="Chrome 78.0.3904.108"/>
         <property name="hostAddress" value="127.0.0.1"/>
         <property name="sessionId" value="620a832d02600157924e7140ced45645"/>
         <property name="seleniumVersion" value="3.141.59"/>
         <property name="proxyInformation" value="ProxyInformation{proxyOption=NO_PROXY, proxyServerType=HTTP, password=, proxyServerAddress=, proxyServerPort=0}"/>
         <property name="platform" value="Mac OS X"/>
      </properties>
      <testcase name="Test Cases/Login" time="40.978" classname="Test Cases/Login" status="PASSED">
         <system-out><![CDATA[2019-12-01 15:54:41 - [TEST_CASE][PASSED] - Test Cases/Login: Test Cases/Login

2019-12-01 15:54:43 - [TEST_STEP][PASSED] - openBrowser("https://hc.staging.medigo.id/login"): Browser is opened with url: 'https://hc.staging.medigo.id/login'

2019-12-01 15:54:45 - [MESSAGE][INFO] - Starting 'Chrome' driver

2019-12-01 15:54:45 - [MESSAGE][INFO] - Action delay is set to 0 seconds

2019-12-01 15:55:14 - [MESSAGE][PASSED] - Browser is opened with url: 'https://hc.staging.medigo.id/login'

2019-12-01 15:55:14 - [TEST_STEP][PASSED] - setText(findTestObject("Object Repository/Page_Masuk/Input Username"), "admintest007"): Text 'admintest007' is set on object 'Object Repository/Page_Masuk/Input Username'

2019-12-01 15:55:17 - [MESSAGE][PASSED] - Text 'admintest007' is set on object 'Object Repository/Page_Masuk/Input Username'

2019-12-01 15:55:17 - [TEST_STEP][PASSED] - setText(findTestObject("Object Repository/Page_Masuk/Input Password"), "admintest007"): Text 'admintest007' is set on object 'Object Repository/Page_Masuk/Input Password'

2019-12-01 15:55:18 - [MESSAGE][PASSED] - Text 'admintest007' is set on object 'Object Repository/Page_Masuk/Input Password'

2019-12-01 15:55:18 - [TEST_STEP][PASSED] - click(findTestObject("Object Repository/Page_Masuk/button_Masuk")): Object: 'Object Repository/Page_Masuk/button_Masuk' is clicked on

2019-12-01 15:55:18 - [MESSAGE][PASSED] - Object: 'Object Repository/Page_Masuk/button_Masuk' is clicked on

2019-12-01 15:55:18 - [TEST_STEP][PASSED] - verifyElementPresent(findTestObject("Object Repository/Page_Masuk/Decline Notification Permission Button"), 30): Object 'Object Repository/Page_Masuk/Decline Notification Permission Button' is present

2019-12-01 15:55:21 - [MESSAGE][PASSED] - Object 'Object Repository/Page_Masuk/Decline Notification Permission Button' is present

2019-12-01 15:55:21 - [TEST_STEP][PASSED] - click(findTestObject("Object Repository/Page_Masuk/Decline Notification Permission Button")): Object: 'Object Repository/Page_Masuk/Decline Notification Permission Button' is clicked on

2019-12-01 15:55:22 - [MESSAGE][PASSED] - Object: 'Object Repository/Page_Masuk/Decline Notification Permission Button' is clicked on

2019-12-01 15:55:22 - [TEST_STEP][PASSED] - verifyElementPresent(findTestObject("Object Repository/Page_Dashboard/Medigo Logo"), 30): Object 'Object Repository/Page_Dashboard/Medigo Logo' is present

2019-12-01 15:55:22 - [MESSAGE][PASSED] - Object 'Object Repository/Page_Dashboard/Medigo Logo' is present]]></system-out>
         <system-err><![CDATA[]]></system-err>
      </testcase>
      <testcase name="Test Cases/View Dokter" time="5.29" classname="Test Cases/View Dokter" status="PASSED">
         <system-out><![CDATA[2019-12-01 15:55:22 - [TEST_CASE][PASSED] - Test Cases/View Dokter: Test Cases/View Dokter

2019-12-01 15:55:22 - [TEST_STEP][PASSED] - click(findTestObject("Object Repository/Page_Dashboard/Dokter Button")): Object: 'Object Repository/Page_Dashboard/Dokter Button' is clicked on

2019-12-01 15:55:23 - [MESSAGE][PASSED] - Object: 'Object Repository/Page_Dashboard/Dokter Button' is clicked on

2019-12-01 15:55:23 - [TEST_STEP][PASSED] - verifyElementPresent(findTestObject("Object Repository/Page_Dokter/Input Search Dokter"), 30): Object 'Object Repository/Page_Dokter/Input Search Dokter' is present

2019-12-01 15:55:27 - [MESSAGE][PASSED] - Object 'Object Repository/Page_Dokter/Input Search Dokter' is present]]></system-out>
         <system-err><![CDATA[]]></system-err>
      </testcase>
      <testcase name="Test Cases/Add Dokter" time="70.922" classname="Test Cases/Add Dokter" status="FAILED">
         <failure type="FAILED" message="Test Cases/Add Dokter FAILED.
Reason:
com.kms.katalon.core.exception.StepFailedException: Search Failed
	at com.kms.katalon.core.util.KeywordUtil.markFailedAndStop(KeywordUtil.java:28)
	at com.kms.katalon.core.util.KeywordUtil$markFailedAndStop.call(Unknown Source)
	at Add Dokter.run(Add Dokter:76)
	at com.kms.katalon.core.main.ScriptEngine.run(ScriptEngine.java:194)
	at com.kms.katalon.core.main.ScriptEngine.runScriptAsRawText(ScriptEngine.java:119)
	at com.kms.katalon.core.main.TestCaseExecutor.runScript(TestCaseExecutor.java:337)
	at com.kms.katalon.core.main.TestCaseExecutor.doExecute(TestCaseExecutor.java:328)
	at com.kms.katalon.core.main.TestCaseExecutor.processExecutionPhase(TestCaseExecutor.java:307)
	at com.kms.katalon.core.main.TestCaseExecutor.accessMainPhase(TestCaseExecutor.java:299)
	at com.kms.katalon.core.main.TestCaseExecutor.execute(TestCaseExecutor.java:233)
	at com.kms.katalon.core.main.TestSuiteExecutor.accessTestCaseMainPhase(TestSuiteExecutor.java:169)
	at com.kms.katalon.core.main.TestSuiteExecutor.accessTestSuiteMainPhase(TestSuiteExecutor.java:142)
	at com.kms.katalon.core.main.TestSuiteExecutor.execute(TestSuiteExecutor.java:91)
	at com.kms.katalon.core.main.TestCaseMain.startTestSuite(TestCaseMain.java:157)
	at com.kms.katalon.core.main.TestCaseMain$startTestSuite$0.call(Unknown Source)
	at TempTestSuite1575190416131.run(TempTestSuite1575190416131.groovy:36)
"/>
         <system-out><![CDATA[2019-12-01 15:55:27 - [TEST_CASE][FAILED] - Test Cases/Add Dokter: Test Cases/Add Dokter FAILED.
Reason:
com.kms.katalon.core.exception.StepFailedException: Search Failed
	at com.kms.katalon.core.util.KeywordUtil.markFailedAndStop(KeywordUtil.java:28)
	at com.kms.katalon.core.util.KeywordUtil$markFailedAndStop.call(Unknown Source)
	at Add Dokter.run(Add Dokter:76)
	at com.kms.katalon.core.main.ScriptEngine.run(ScriptEngine.java:194)
	at com.kms.katalon.core.main.ScriptEngine.runScriptAsRawText(ScriptEngine.java:119)
	at com.kms.katalon.core.main.TestCaseExecutor.runScript(TestCaseExecutor.java:337)
	at com.kms.katalon.core.main.TestCaseExecutor.doExecute(TestCaseExecutor.java:328)
	at com.kms.katalon.core.main.TestCaseExecutor.processExecutionPhase(TestCaseExecutor.java:307)
	at com.kms.katalon.core.main.TestCaseExecutor.accessMainPhase(TestCaseExecutor.java:299)
	at com.kms.katalon.core.main.TestCaseExecutor.execute(TestCaseExecutor.java:233)
	at com.kms.katalon.core.main.TestSuiteExecutor.accessTestCaseMainPhase(TestSuiteExecutor.java:169)
	at com.kms.katalon.core.main.TestSuiteExecutor.accessTestSuiteMainPhase(TestSuiteExecutor.java:142)
	at com.kms.katalon.core.main.TestSuiteExecutor.execute(TestSuiteExecutor.java:91)
	at com.kms.katalon.core.main.TestCaseMain.startTestSuite(TestCaseMain.java:157)
	at com.kms.katalon.core.main.TestCaseMain$startTestSuite$0.call(Unknown Source)
	at TempTestSuite1575190416131.run(TempTestSuite1575190416131.groovy:36)


2019-12-01 15:55:27 - [TEST_STEP][PASSED] - openBrowser("https://hc.staging.medigo.id/login"): Browser is opened with url: 'https://hc.staging.medigo.id/login'

2019-12-01 15:55:27 - [MESSAGE][WARNING] - A browser is already opened. Closing browser and opening a new one

2019-12-01 15:55:28 - [MESSAGE][INFO] - Starting 'Chrome' driver

2019-12-01 15:55:47 - [MESSAGE][PASSED] - Browser is opened with url: 'https://hc.staging.medigo.id/login'

2019-12-01 15:55:47 - [TEST_STEP][PASSED] - setText(findTestObject("Object Repository/Page_Masuk/Input Username"), "admintest007"): Text 'admintest007' is set on object 'Object Repository/Page_Masuk/Input Username'

2019-12-01 15:55:49 - [MESSAGE][PASSED] - Text 'admintest007' is set on object 'Object Repository/Page_Masuk/Input Username'

2019-12-01 15:55:49 - [TEST_STEP][PASSED] - setText(findTestObject("Object Repository/Page_Masuk/Input Password"), "admintest007"): Text 'admintest007' is set on object 'Object Repository/Page_Masuk/Input Password'

2019-12-01 15:55:51 - [MESSAGE][PASSED] - Text 'admintest007' is set on object 'Object Repository/Page_Masuk/Input Password'

2019-12-01 15:55:51 - [TEST_STEP][PASSED] - click(findTestObject("Object Repository/Page_Masuk/button_Masuk")): Object: 'Object Repository/Page_Masuk/button_Masuk' is clicked on

2019-12-01 15:55:58 - [MESSAGE][PASSED] - Object: 'Object Repository/Page_Masuk/button_Masuk' is clicked on

2019-12-01 15:55:58 - [TEST_STEP][PASSED] - verifyElementPresent(findTestObject("Object Repository/Page_Masuk/Decline Notification Permission Button"), 30): Object 'Object Repository/Page_Masuk/Decline Notification Permission Button' is present

2019-12-01 15:56:07 - [MESSAGE][PASSED] - Object 'Object Repository/Page_Masuk/Decline Notification Permission Button' is present

2019-12-01 15:56:07 - [TEST_STEP][PASSED] - click(findTestObject("Object Repository/Page_Masuk/Decline Notification Permission Button")): Object: 'Object Repository/Page_Masuk/Decline Notification Permission Button' is clicked on

2019-12-01 15:56:07 - [MESSAGE][PASSED] - Object: 'Object Repository/Page_Masuk/Decline Notification Permission Button' is clicked on

2019-12-01 15:56:07 - [TEST_STEP][PASSED] - verifyElementPresent(findTestObject("Object Repository/Page_Dashboard/Medigo Logo"), 30): Object 'Object Repository/Page_Dashboard/Medigo Logo' is present

2019-12-01 15:56:07 - [MESSAGE][PASSED] - Object 'Object Repository/Page_Dashboard/Medigo Logo' is present

2019-12-01 15:56:07 - [TEST_STEP][PASSED] - click(findTestObject("Object Repository/Page_Dashboard/Dokter Button")): Object: 'Object Repository/Page_Dashboard/Dokter Button' is clicked on

2019-12-01 15:56:08 - [MESSAGE][PASSED] - Object: 'Object Repository/Page_Dashboard/Dokter Button' is clicked on

2019-12-01 15:56:08 - [TEST_STEP][PASSED] - verifyElementPresent(findTestObject("Object Repository/Page_Dokter/Input Search Dokter"), 30): Object 'Object Repository/Page_Dokter/Input Search Dokter' is present

2019-12-01 15:56:12 - [MESSAGE][PASSED] - Object 'Object Repository/Page_Dokter/Input Search Dokter' is present

2019-12-01 15:56:12 - [TEST_STEP][PASSED] - click(findTestObject("Object Repository/Page_Dokter/Add Dokter Button")): Object: 'Object Repository/Page_Dokter/Add Dokter Button' is clicked on

2019-12-01 15:56:12 - [MESSAGE][PASSED] - Object: 'Object Repository/Page_Dokter/Add Dokter Button' is clicked on

2019-12-01 15:56:12 - [TEST_STEP][PASSED] - NamaDokter = "Syailendra": null

2019-12-01 15:56:12 - [TEST_STEP][PASSED] - setText(findTestObject("Object Repository/Page_Tambah Dokter/Input Nama Dokter"), NamaDokter): Text 'Syailendra' is set on object 'Object Repository/Page_Tambah Dokter/Input Nama Dokter'

2019-12-01 15:56:15 - [MESSAGE][PASSED] - Text 'Syailendra' is set on object 'Object Repository/Page_Tambah Dokter/Input Nama Dokter'

2019-12-01 15:56:15 - [TEST_STEP][PASSED] - setText(findTestObject("Object Repository/Page_Tambah Dokter/Input Tanggal Lahir Dokter"), "06/10/1997"): Text '06/10/1997' is set on object 'Object Repository/Page_Tambah Dokter/Input Tanggal Lahir Dokter'

2019-12-01 15:56:15 - [MESSAGE][PASSED] - Text '06/10/1997' is set on object 'Object Repository/Page_Tambah Dokter/Input Tanggal Lahir Dokter'

2019-12-01 15:56:15 - [TEST_STEP][PASSED] - setText(findTestObject("Object Repository/Page_Tambah Dokter/Input Identity Card Number"), "1234567890123456"): Text '1234567890123456' is set on object 'Object Repository/Page_Tambah Dokter/Input Identity Card Number'

2019-12-01 15:56:17 - [MESSAGE][PASSED] - Text '1234567890123456' is set on object 'Object Repository/Page_Tambah Dokter/Input Identity Card Number'

2019-12-01 15:56:17 - [TEST_STEP][PASSED] - click(findTestObject("Object Repository/Page_Tambah Dokter/Gender Selection")): Object: 'Object Repository/Page_Tambah Dokter/Gender Selection' is clicked on

2019-12-01 15:56:17 - [MESSAGE][PASSED] - Object: 'Object Repository/Page_Tambah Dokter/Gender Selection' is clicked on

2019-12-01 15:56:17 - [TEST_STEP][PASSED] - click(findTestObject("Object Repository/Page_Tambah Dokter/Male")): Object: 'Object Repository/Page_Tambah Dokter/Male' is clicked on

2019-12-01 15:56:18 - [MESSAGE][PASSED] - Object: 'Object Repository/Page_Tambah Dokter/Male' is clicked on

2019-12-01 15:56:18 - [TEST_STEP][PASSED] - setText(findTestObject("Object Repository/Page_Tambah Dokter/Consultation Duration"), "30"): Text '30' is set on object 'Object Repository/Page_Tambah Dokter/Consultation Duration'

2019-12-01 15:56:19 - [MESSAGE][PASSED] - Text '30' is set on object 'Object Repository/Page_Tambah Dokter/Consultation Duration'

2019-12-01 15:56:19 - [TEST_STEP][PASSED] - setText(findTestObject("Object Repository/Page_Tambah Dokter/Input Phone Number"), "+6281222334455"): Text '+6281222334455' is set on object 'Object Repository/Page_Tambah Dokter/Input Phone Number'

2019-12-01 15:56:19 - [MESSAGE][PASSED] - Text '+6281222334455' is set on object 'Object Repository/Page_Tambah Dokter/Input Phone Number'

2019-12-01 15:56:19 - [TEST_STEP][PASSED] - setText(findTestObject("Object Repository/Page_Tambah Dokter/Input Email"), "Syailendra@gmail.com"): Text 'Syailendra@gmail.com' is set on object 'Object Repository/Page_Tambah Dokter/Input Email'

2019-12-01 15:56:21 - [MESSAGE][PASSED] - Text 'Syailendra@gmail.com' is set on object 'Object Repository/Page_Tambah Dokter/Input Email'

2019-12-01 15:56:21 - [TEST_STEP][PASSED] - setText(findTestObject("Object Repository/Page_Tambah Dokter/Input Spesialization"), "Spesialis Penyakit Dalam"): Text 'Spesialis Penyakit Dalam' is set on object 'Object Repository/Page_Tambah Dokter/Input Spesialization'

2019-12-01 15:56:23 - [MESSAGE][PASSED] - Text 'Spesialis Penyakit Dalam' is set on object 'Object Repository/Page_Tambah Dokter/Input Spesialization'

2019-12-01 15:56:23 - [TEST_STEP][PASSED] - setText(findTestObject("Object Repository/Page_Tambah Dokter/Input Poliklinik"), "Akupuntur"): Text 'Akupuntur' is set on object 'Object Repository/Page_Tambah Dokter/Input Poliklinik'

2019-12-01 15:56:25 - [MESSAGE][PASSED] - Text 'Akupuntur' is set on object 'Object Repository/Page_Tambah Dokter/Input Poliklinik'

2019-12-01 15:56:25 - [TEST_STEP][PASSED] - click(findTestObject("Object Repository/Page_Tambah Dokter/div_Simpan")): Object: 'Object Repository/Page_Tambah Dokter/div_Simpan' is clicked on

2019-12-01 15:56:32 - [MESSAGE][PASSED] - Object: 'Object Repository/Page_Tambah Dokter/div_Simpan' is clicked on

2019-12-01 15:56:32 - [TEST_STEP][PASSED] - setText(findTestObject("Object Repository/Page_Dokter/Input Search Dokter"), NamaDokter): Text 'Syailendra' is set on object 'Object Repository/Page_Dokter/Input Search Dokter'

2019-12-01 15:56:35 - [MESSAGE][PASSED] - Text 'Syailendra' is set on object 'Object Repository/Page_Dokter/Input Search Dokter'

2019-12-01 15:56:35 - [TEST_STEP][PASSED] - delay(3): Delayed 3 second(s)

2019-12-01 15:56:38 - [MESSAGE][PASSED] - Delayed 3 second(s)

2019-12-01 15:56:38 - [TEST_STEP][PASSED] - compare_name = getText(findTestObject("Object Repository/Page_Dokter/Nama Dokter 1")).toString(): Text of object 'Object Repository/Page_Dokter/Nama Dokter 1' is: '1234567'

2019-12-01 15:56:38 - [MESSAGE][PASSED] - Text of object 'Object Repository/Page_Dokter/Nama Dokter 1' is: '1234567'

2019-12-01 15:56:38 - [TEST_STEP][PASSED] - UpperCaseName = NamaDokter.toUpperCase(): null

2019-12-01 15:56:38 - [TEST_STEP][PASSED] - if (compare_name.contains(NamaDokter) == true): null

2019-12-01 15:56:38 - [TEST_STEP][PASSED] - else if (compare_name.contains(UpperCaseName) == true): null

2019-12-01 15:56:38 - [TEST_STEP][PASSED] - else: null

2019-12-01 15:56:38 - [TEST_STEP][PASSED] - markFailedAndStop("Search Failed"): null]]></system-out>
         <system-err><![CDATA[2019-12-01 15:55:27 - [TEST_CASE][FAILED] - Test Cases/Add Dokter: Test Cases/Add Dokter FAILED.
Reason:
com.kms.katalon.core.exception.StepFailedException: Search Failed
	at com.kms.katalon.core.util.KeywordUtil.markFailedAndStop(KeywordUtil.java:28)
	at com.kms.katalon.core.util.KeywordUtil$markFailedAndStop.call(Unknown Source)
	at Add Dokter.run(Add Dokter:76)
	at com.kms.katalon.core.main.ScriptEngine.run(ScriptEngine.java:194)
	at com.kms.katalon.core.main.ScriptEngine.runScriptAsRawText(ScriptEngine.java:119)
	at com.kms.katalon.core.main.TestCaseExecutor.runScript(TestCaseExecutor.java:337)
	at com.kms.katalon.core.main.TestCaseExecutor.doExecute(TestCaseExecutor.java:328)
	at com.kms.katalon.core.main.TestCaseExecutor.processExecutionPhase(TestCaseExecutor.java:307)
	at com.kms.katalon.core.main.TestCaseExecutor.accessMainPhase(TestCaseExecutor.java:299)
	at com.kms.katalon.core.main.TestCaseExecutor.execute(TestCaseExecutor.java:233)
	at com.kms.katalon.core.main.TestSuiteExecutor.accessTestCaseMainPhase(TestSuiteExecutor.java:169)
	at com.kms.katalon.core.main.TestSuiteExecutor.accessTestSuiteMainPhase(TestSuiteExecutor.java:142)
	at com.kms.katalon.core.main.TestSuiteExecutor.execute(TestSuiteExecutor.java:91)
	at com.kms.katalon.core.main.TestCaseMain.startTestSuite(TestCaseMain.java:157)
	at com.kms.katalon.core.main.TestCaseMain$startTestSuite$0.call(Unknown Source)
	at TempTestSuite1575190416131.run(TempTestSuite1575190416131.groovy:36)]]></system-err>
      </testcase>
      <system-out><![CDATA[2019-12-01 15:54:39 - [TEST_SUITE][FAILED] - Add Dokter: Test Cases/Add Dokter FAILED.
Reason:
com.kms.katalon.core.exception.StepFailedException: Search Failed
	at com.kms.katalon.core.util.KeywordUtil.markFailedAndStop(KeywordUtil.java:28)
	at com.kms.katalon.core.util.KeywordUtil$markFailedAndStop.call(Unknown Source)
	at Add Dokter.run(Add Dokter:76)
	at com.kms.katalon.core.main.ScriptEngine.run(ScriptEngine.java:194)
	at com.kms.katalon.core.main.ScriptEngine.runScriptAsRawText(ScriptEngine.java:119)
	at com.kms.katalon.core.main.TestCaseExecutor.runScript(TestCaseExecutor.java:337)
	at com.kms.katalon.core.main.TestCaseExecutor.doExecute(TestCaseExecutor.java:328)
	at com.kms.katalon.core.main.TestCaseExecutor.processExecutionPhase(TestCaseExecutor.java:307)
	at com.kms.katalon.core.main.TestCaseExecutor.accessMainPhase(TestCaseExecutor.java:299)
	at com.kms.katalon.core.main.TestCaseExecutor.execute(TestCaseExecutor.java:233)
	at com.kms.katalon.core.main.TestSuiteExecutor.accessTestCaseMainPhase(TestSuiteExecutor.java:169)
	at com.kms.katalon.core.main.TestSuiteExecutor.accessTestSuiteMainPhase(TestSuiteExecutor.java:142)
	at com.kms.katalon.core.main.TestSuiteExecutor.execute(TestSuiteExecutor.java:91)
	at com.kms.katalon.core.main.TestCaseMain.startTestSuite(TestCaseMain.java:157)
	at com.kms.katalon.core.main.TestCaseMain$startTestSuite$0.call(Unknown Source)
	at TempTestSuite1575190416131.run(TempTestSuite1575190416131.groovy:36)]]></system-out>
      <system-err><![CDATA[2019-12-01 15:54:39 - [TEST_SUITE][FAILED] - Add Dokter: Test Cases/Add Dokter FAILED.
Reason:
com.kms.katalon.core.exception.StepFailedException: Search Failed
	at com.kms.katalon.core.util.KeywordUtil.markFailedAndStop(KeywordUtil.java:28)
	at com.kms.katalon.core.util.KeywordUtil$markFailedAndStop.call(Unknown Source)
	at Add Dokter.run(Add Dokter:76)
	at com.kms.katalon.core.main.ScriptEngine.run(ScriptEngine.java:194)
	at com.kms.katalon.core.main.ScriptEngine.runScriptAsRawText(ScriptEngine.java:119)
	at com.kms.katalon.core.main.TestCaseExecutor.runScript(TestCaseExecutor.java:337)
	at com.kms.katalon.core.main.TestCaseExecutor.doExecute(TestCaseExecutor.java:328)
	at com.kms.katalon.core.main.TestCaseExecutor.processExecutionPhase(TestCaseExecutor.java:307)
	at com.kms.katalon.core.main.TestCaseExecutor.accessMainPhase(TestCaseExecutor.java:299)
	at com.kms.katalon.core.main.TestCaseExecutor.execute(TestCaseExecutor.java:233)
	at com.kms.katalon.core.main.TestSuiteExecutor.accessTestCaseMainPhase(TestSuiteExecutor.java:169)
	at com.kms.katalon.core.main.TestSuiteExecutor.accessTestSuiteMainPhase(TestSuiteExecutor.java:142)
	at com.kms.katalon.core.main.TestSuiteExecutor.execute(TestSuiteExecutor.java:91)
	at com.kms.katalon.core.main.TestCaseMain.startTestSuite(TestCaseMain.java:157)
	at com.kms.katalon.core.main.TestCaseMain$startTestSuite$0.call(Unknown Source)
	at TempTestSuite1575190416131.run(TempTestSuite1575190416131.groovy:36)]]></system-err>
   </testsuite>
</testsuites>
